#
# There is insufficient memory for the Java Runtime Environment to continue.
# Native memory allocation (malloc) failed to allocate 667056 bytes for Chunk::new
# Possible reasons:
#   The system is out of physical RAM or swap space
#   The process is running with CompressedOops enabled, and the Java Heap may be blocking the growth of the native heap
# Possible solutions:
#   Reduce memory load on the system
#   Increase physical memory or swap space
#   Check if swap backing store is full
#   Decrease Java heap size (-Xmx/-Xms)
#   Decrease number of Java threads
#   Decrease Java thread stack sizes (-Xss)
#   Set larger code cache with -XX:ReservedCodeCacheSize=
#   JVM is running with Unscaled Compressed Oops mode in which the Java heap is
#     placed in the first 4GB address space. The Java Heap base address is the
#     maximum limit for the native heap growth. Please use -XX:HeapBaseMinAddress
#     to set the Java Heap base and to place the Java Heap above 4GB virtual address.
# This output file may be truncated or incomplete.
#
#  Out of Memory Error (allocation.cpp:389), pid=217656, tid=0x000000000000217c
#
# JRE version: OpenJDK Runtime Environment (8.0_242-b01) (build 1.8.0_242-release-1644-b01)
# Java VM: OpenJDK 64-Bit Server VM (25.242-b01 mixed mode windows-amd64 compressed oops)
# Failed to write core dump. Minidumps are not enabled by default on client versions of Windows
#

---------------  T H R E A D  ---------------

Current thread (0x0000000015e3c000):  JavaThread "C2 CompilerThread0" daemon [_thread_in_native, id=8572, stack(0x0000000017480000,0x0000000017580000)]

Stack: [0x0000000017480000,0x0000000017580000]
[error occurred during error reporting (printing stack bounds), id 0xc0000005]

Native frames: (J=compiled Java code, j=interpreted, Vv=VM code, C=native code)


Current CompileTask:
C2: 460765 24108       4       com.android.tools.r8.dex.FileWriter::addSignaturesFromMethod (111 bytes)


---------------  P R O C E S S  ---------------

Java Threads: ( => current thread )
  0x00000000268ca800 JavaThread "ForkJoinPool-2-worker-14" daemon [_thread_blocked, id=2072, stack(0x00000000302a0000,0x00000000303a0000)]
  0x00000000268ce800 JavaThread "ForkJoinPool-2-worker-12" daemon [_thread_blocked, id=2284, stack(0x00000000301a0000,0x00000000302a0000)]
  0x00000000268d0000 JavaThread "ForkJoinPool-2-worker-10" daemon [_thread_blocked, id=183148, stack(0x00000000300a0000,0x00000000301a0000)]
  0x00000000268d0800 JavaThread "ForkJoinPool-2-worker-11" daemon [_thread_blocked, id=256068, stack(0x000000002ffa0000,0x00000000300a0000)]
  0x00000000268ca000 JavaThread "ForkJoinPool-2-worker-5" daemon [_thread_blocked, id=183152, stack(0x000000002fea0000,0x000000002ffa0000)]
  0x00000000268c3800 JavaThread "ForkJoinPool-2-worker-6" daemon [_thread_in_Java, id=10192, stack(0x000000002fa50000,0x000000002fb50000)]
  0x00000000268c4800 JavaThread "ForkJoinPool-2-worker-4" daemon [_thread_in_Java, id=15216, stack(0x000000002f730000,0x000000002f830000)]
  0x00000000268c7800 JavaThread "ForkJoinPool-2-worker-0" daemon [_thread_blocked, id=244044, stack(0x000000002f950000,0x000000002fa50000)]
  0x00000000268c8000 JavaThread "ForkJoinPool-2-worker-3" daemon [_thread_blocked, id=10656, stack(0x000000002f850000,0x000000002f950000)]
  0x00000000268c6000 JavaThread "ForkJoinPool-2-worker-2" daemon [_thread_blocked, id=15892, stack(0x0000000029190000,0x0000000029290000)]
  0x00000000268c5000 JavaThread "ForkJoinPool-2-worker-1" daemon [_thread_blocked, id=148012, stack(0x0000000027c00000,0x0000000027d00000)]
  0x000000001e132000 JavaThread "RMI TCP Connection(idle)" daemon [_thread_blocked, id=255216, stack(0x0000000029090000,0x0000000029190000)]
  0x000000001e12b800 JavaThread "Cache worker for Java compile cache (C:\Users\abo-shahen\Downloads\Flutter_Books_FullApp-master\Flutter_Books_FullApp-master\android\.gradle\4.10.2\javaCompile)" [_thread_blocked, id=103400, stack(0x0000000026490000,0x0000000026590000)]
  0x000000001e12a000 JavaThread "Cache worker for Java compile cache (C:\Users\abo-shahen\.gradle\caches\4.10.2\javaCompile)" [_thread_blocked, id=21956, stack(0x0000000023fc0000,0x00000000240c0000)]
  0x000000001e12e800 JavaThread "RMI TCP Connection(idle)" daemon [_thread_blocked, id=256744, stack(0x00000000253c0000,0x00000000254c0000)]
  0x000000001e126000 JavaThread "RMI Reaper" [_thread_blocked, id=231008, stack(0x00000000252c0000,0x00000000253c0000)]
  0x000000001e12d000 JavaThread "RMI TCP Accept-0" daemon [_thread_in_native, id=22488, stack(0x00000000251c0000,0x00000000252c0000)]
  0x000000001e125800 JavaThread "GC Daemon" daemon [_thread_blocked, id=57976, stack(0x00000000244c0000,0x00000000245c0000)]
  0x000000001e128800 JavaThread "RMI Scheduler(0)" daemon [_thread_blocked, id=57968, stack(0x00000000221f0000,0x00000000222f0000)]
  0x000000001e12c000 JavaThread "stdout" daemon [_thread_in_native, id=10812, stack(0x0000000024ec0000,0x0000000024fc0000)]
  0x000000001e127800 JavaThread "stderr" daemon [_thread_in_native, id=143404, stack(0x0000000024dc0000,0x0000000024ec0000)]
  0x000000001e12a800 JavaThread "stdout" daemon [_thread_in_native, id=143180, stack(0x0000000024cc0000,0x0000000024dc0000)]
  0x000000001e129000 JavaThread "stderr" daemon [_thread_in_native, id=16712, stack(0x0000000024bc0000,0x0000000024cc0000)]
  0x000000001e124800 JavaThread "stdout" daemon [_thread_in_native, id=21612, stack(0x0000000024ac0000,0x0000000024bc0000)]
  0x000000001882d000 JavaThread "stderr" daemon [_thread_in_native, id=13612, stack(0x00000000249c0000,0x0000000024ac0000)]
  0x000000001903e800 JavaThread "pool-2-thread-1" [_thread_blocked, id=17300, stack(0x00000000248c0000,0x00000000249c0000)]
  0x0000000019046000 JavaThread "Cache worker for Build Output Cleanup Cache (C:\Users\abo-shahen\Downloads\Flutter_Books_FullApp-master\Flutter_Books_FullApp-master\android\.gradle\buildOutputCleanup)" [_thread_blocked, id=9652, stack(0x0000000023cc0000,0x0000000023dc0000)]
  0x000000001903a000 JavaThread "Cache worker for task history cache (C:\Users\abo-shahen\Downloads\Flutter_Books_FullApp-master\Flutter_Books_FullApp-master\android\.gradle\4.10.2\taskHistory)" [_thread_blocked, id=124, stack(0x0000000023bc0000,0x0000000023cc0000)]
  0x0000000019040800 JavaThread "Task worker for ':' Thread 3" [_thread_blocked, id=11976, stack(0x0000000023ac0000,0x0000000023bc0000)]
  0x000000001903c000 JavaThread "Task worker for ':' Thread 2" [_thread_blocked, id=1092, stack(0x00000000239c0000,0x0000000023ac0000)]
  0x0000000019039000 JavaThread "Task worker for ':'" [_thread_blocked, id=17292, stack(0x00000000238c0000,0x00000000239c0000)]
  0x000000001903d800 JavaThread "Cache worker for file content cache (C:\Users\abo-shahen\Downloads\Flutter_Books_FullApp-master\Flutter_Books_FullApp-master\android\.gradle\4.10.2\fileContent)" [_thread_blocked, id=8496, stack(0x00000000225f0000,0x00000000226f0000)]
  0x0000000019040000 JavaThread "Cache worker for file content cache (C:\Users\abo-shahen\.gradle\caches\4.10.2\fileContent)" [_thread_blocked, id=12632, stack(0x00000000224f0000,0x00000000225f0000)]
  0x000000001903b800 JavaThread "Memory manager" [_thread_blocked, id=243244, stack(0x000000001ff70000,0x0000000020070000)]
  0x0000000019037000 JavaThread "Build operations Thread 4" [_thread_blocked, id=6612, stack(0x000000001f070000,0x000000001f170000)]
  0x0000000018831000 JavaThread "Build operations Thread 3" [_thread_blocked, id=6660, stack(0x000000001ef70000,0x000000001f070000)]
  0x0000000018831800 JavaThread "Build operations Thread 2" [_thread_blocked, id=14204, stack(0x000000001ee70000,0x000000001ef70000)]
  0x0000000018830000 JavaThread "Build operations" [_thread_blocked, id=6128, stack(0x000000001d720000,0x000000001d820000)]
  0x000000001882f800 JavaThread "Cache worker for Artifact transforms cache (C:\Users\abo-shahen\.gradle\caches\transforms-1)" [_thread_blocked, id=12128, stack(0x000000001ca70000,0x000000001cb70000)]
  0x000000001882e800 JavaThread "Cache worker for cache directory md-rule (C:\Users\abo-shahen\.gradle\caches\4.10.2\md-rule)" [_thread_blocked, id=9340, stack(0x000000001eb70000,0x000000001ec70000)]
  0x000000001882e000 JavaThread "Cache worker for cache directory md-supplier (C:\Users\abo-shahen\.gradle\caches\4.10.2\md-supplier)" [_thread_blocked, id=16800, stack(0x000000001d8f0000,0x000000001d9f0000)]
  0x000000001882c800 JavaThread "Cache worker for journal cache (C:\Users\abo-shahen\.gradle\caches\journal-1)" [_thread_blocked, id=16468, stack(0x000000001c970000,0x000000001ca70000)]
  0x0000000018fde000 JavaThread "Cache worker for file hash cache (C:\Users\abo-shahen\Downloads\Flutter_Books_FullApp-master\Flutter_Books_FullApp-master\android\.gradle\4.10.2\fileHashes)" [_thread_blocked, id=15716, stack(0x000000001c870000,0x000000001c970000)]
  0x00000000184dc800 JavaThread "File lock request listener" [_thread_in_native, id=10744, stack(0x000000001cc20000,0x000000001cd20000)]
  0x00000000178ec800 JavaThread "Cache worker for file hash cache (C:\Users\abo-shahen\.gradle\caches\4.10.2\fileHashes)" [_thread_blocked, id=22120, stack(0x000000001b5a0000,0x000000001b6a0000)]
  0x0000000018e09800 JavaThread "Stdin handler" [_thread_blocked, id=22152, stack(0x000000001a2d0000,0x000000001a3d0000)]
  0x0000000018e03800 JavaThread "Asynchronous log dispatcher for DefaultDaemonConnection: socket connection from /127.0.0.1:57045 to /127.0.0.1:57046" [_thread_blocked, id=4828, stack(0x000000001a1d0000,0x000000001a2d0000)]
  0x0000000018e02000 JavaThread "Daemon worker" [_thread_blocked, id=16988, stack(0x000000001a0d0000,0x000000001a1d0000)]
  0x0000000018e01800 JavaThread "Cancel handler" [_thread_blocked, id=9672, stack(0x0000000019fd0000,0x000000001a0d0000)]
  0x0000000018dfd000 JavaThread "Handler for socket connection from /127.0.0.1:57045 to /127.0.0.1:57046" [_thread_in_native, id=15508, stack(0x0000000019ed0000,0x0000000019fd0000)]
  0x0000000018df6000 JavaThread "Daemon" [_thread_blocked, id=17148, stack(0x0000000019dd0000,0x0000000019ed0000)]
  0x0000000017a76800 JavaThread "Daemon periodic checks" [_thread_blocked, id=141148, stack(0x0000000019cd0000,0x0000000019dd0000)]
  0x000000001792d800 JavaThread "Incoming local TCP Connector on port 57045" [_thread_in_native, id=5864, stack(0x0000000019a90000,0x0000000019b90000)]
  0x0000000017701000 JavaThread "Service Thread" daemon [_thread_blocked, id=14156, stack(0x0000000017b80000,0x0000000017c80000)]
  0x0000000017688800 JavaThread "C1 CompilerThread2" daemon [_thread_blocked, id=23228, stack(0x0000000017a80000,0x0000000017b80000)]
  0x0000000015e3f000 JavaThread "C2 CompilerThread1" daemon [_thread_in_native, id=776, stack(0x0000000017580000,0x0000000017680000)]
=>0x0000000015e3c000 JavaThread "C2 CompilerThread0" daemon [_thread_in_native, id=8572, stack(0x0000000017480000,0x0000000017580000)]
  0x0000000015e39800 JavaThread "Attach Listener" daemon [_thread_blocked, id=11844, stack(0x0000000017380000,0x0000000017480000)]
  0x0000000015e38800 JavaThread "Signal Dispatcher" daemon [_thread_blocked, id=10980, stack(0x0000000017280000,0x0000000017380000)]
  0x00000000024bd800 JavaThread "Finalizer" daemon [_thread_blocked, id=143200, stack(0x0000000017080000,0x0000000017180000)]
  0x0000000015e19000 JavaThread "Reference Handler" daemon [_thread_blocked, id=12964, stack(0x0000000016f80000,0x0000000017080000)]
  0x00000000023c2800 JavaThread "main" [_thread_blocked, id=255868, stack(0x00000000022c0000,0x00000000023c0000)]

Other Threads:
  0x0000000015df7800 VMThread [stack: 0x0000000016e80000,0x0000000016f80000] [id=13028]
  0x0000000017705800 WatcherThread [stack: 0x0000000017c80000,0x0000000017d80000] [id=14680]

VM state:not at safepoint (normal execution)

VM Mutex/Monitor currently owned by a thread: None

heap address: 0x00000000a0000000, size: 1536 MB, Compressed Oops mode: 32-bit
Narrow klass base: 0x0000000000000000, Narrow klass shift: 3
Compressed class space size: 1073741824 Address: 0x0000000100000000

Heap:
 PSYoungGen      total 452608K, used 90558K [0x00000000e0000000, 0x0000000100000000, 0x0000000100000000)
  eden space 408064K, 22% used [0x00000000e0000000,0x00000000e586fb30,0x00000000f8e80000)
  from space 44544K, 0% used [0x00000000f8e80000,0x00000000f8e80000,0x00000000fba00000)
  to   space 71680K, 0% used [0x00000000fba00000,0x00000000fba00000,0x0000000100000000)
 ParOldGen       total 277504K, used 256241K [0x00000000a0000000, 0x00000000b0f00000, 0x00000000e0000000)
  object space 277504K, 92% used [0x00000000a0000000,0x00000000afa3c5a0,0x00000000b0f00000)
 Metaspace       used 97421K, capacity 102140K, committed 102272K, reserved 1138688K
  class space    used 12477K, capacity 13613K, committed 13696K, reserved 1048576K

Card table byte_map: [0x0000000011880000,0x0000000011b90000] byte_map_base: 0x0000000011380000

Marking Bits: (ParMarkBitMap*) 0x00000000518af030
 Begin Bits: [0x0000000012190000, 0x0000000013990000)
 End Bits:   [0x0000000013990000, 0x0000000015190000)

Polling page: 0x0000000002230000

CodeCache: size=245760Kb used=67175Kb max_used=67843Kb free=178584Kb
 bounds [0x00000000024c0000, 0x0000000006770000, 0x00000000114c0000]
 total_blobs=20238 nmethods=19298 adapters=850
 compilation: enabled

Compilation events (10 events):
Event: 460.743 Thread 0x0000000017688800 24158       2       com.android.tools.r8.code.SubFloat::write (7 bytes)
Event: 460.744 Thread 0x0000000017688800 nmethod 24158 0x0000000004fbb910 code [0x0000000004fbba80, 0x0000000004fbbc98]
Event: 460.745 Thread 0x0000000015e3f000 nmethod 24110 0x0000000005cac810 code [0x0000000005cacbc0, 0x0000000005cb01e8]
Event: 460.745 Thread 0x0000000015e3f000 24152       4       com.android.tools.r8.dex.FileWriter::writeEncodedAnnotation (105 bytes)
Event: 460.745 Thread 0x0000000017688800 24159       2       com.android.tools.r8.code.MulInt::write (7 bytes)
Event: 460.746 Thread 0x0000000017688800 nmethod 24159 0x00000000051f0950 code [0x00000000051f0ac0, 0x00000000051f0cd8]
Event: 460.746 Thread 0x0000000017688800 24160       2       com.android.tools.r8.code.Sput::write (7 bytes)
Event: 460.747 Thread 0x0000000017688800 nmethod 24160 0x0000000005719a50 code [0x0000000005719bc0, 0x0000000005719db8]
Event: 460.748 Thread 0x0000000017688800 24162       2       com.android.tools.r8.code.SputBoolean::write (7 bytes)
Event: 460.748 Thread 0x0000000017688800 nmethod 24162 0x0000000005d21850 code [0x0000000005d219c0, 0x0000000005d21bb8]

GC Heap History (10 events):
Event: 449.568 GC heap before
{Heap before GC invocations=48 (full 4):
 PSYoungGen      total 452608K, used 421743K [0x00000000e0000000, 0x00000000fe580000, 0x0000000100000000)
  eden space 408064K, 100% used [0x00000000e0000000,0x00000000f8e80000,0x00000000f8e80000)
  from space 44544K, 30% used [0x00000000f8e80000,0x00000000f9bdbed8,0x00000000fba00000)
  to   space 43520K, 0% used [0x00000000fbb00000,0x00000000fbb00000,0x00000000fe580000)
 ParOldGen       total 277504K, used 176804K [0x00000000a0000000, 0x00000000b0f00000, 0x00000000e0000000)
  object space 277504K, 63% used [0x00000000a0000000,0x00000000aaca9198,0x00000000b0f00000)
 Metaspace       used 97281K, capacity 101998K, committed 102272K, reserved 1138688K
  class space    used 12474K, capacity 13610K, committed 13696K, reserved 1048576K
Event: 449.853 GC heap after
Heap after GC invocations=48 (full 4):
 PSYoungGen      total 451584K, used 43509K [0x00000000e0000000, 0x00000000fe580000, 0x0000000100000000)
  eden space 408064K, 0% used [0x00000000e0000000,0x00000000e0000000,0x00000000f8e80000)
  from space 43520K, 99% used [0x00000000fbb00000,0x00000000fe57d648,0x00000000fe580000)
  to   space 44544K, 0% used [0x00000000f8e80000,0x00000000f8e80000,0x00000000fba00000)
 ParOldGen       total 277504K, used 269951K [0x00000000a0000000, 0x00000000b0f00000, 0x00000000e0000000)
  object space 277504K, 97% used [0x00000000a0000000,0x00000000b079fcb8,0x00000000b0f00000)
 Metaspace       used 97281K, capacity 101998K, committed 102272K, reserved 1138688K
  class space    used 12474K, capacity 13610K, committed 13696K, reserved 1048576K
}
Event: 449.853 GC heap before
{Heap before GC invocations=49 (full 5):
 PSYoungGen      total 451584K, used 43509K [0x00000000e0000000, 0x00000000fe580000, 0x0000000100000000)
  eden space 408064K, 0% used [0x00000000e0000000,0x00000000e0000000,0x00000000f8e80000)
  from space 43520K, 99% used [0x00000000fbb00000,0x00000000fe57d648,0x00000000fe580000)
  to   space 44544K, 0% used [0x00000000f8e80000,0x00000000f8e80000,0x00000000fba00000)
 ParOldGen       total 277504K, used 269951K [0x00000000a0000000, 0x00000000b0f00000, 0x00000000e0000000)
  object space 277504K, 97% used [0x00000000a0000000,0x00000000b079fcb8,0x00000000b0f00000)
 Metaspace       used 97281K, capacity 101998K, committed 102272K, reserved 1138688K
  class space    used 12474K, capacity 13610K, committed 13696K, reserved 1048576K
Event: 451.201 GC heap after
Heap after GC invocations=49 (full 5):
 PSYoungGen      total 451584K, used 0K [0x00000000e0000000, 0x00000000fe580000, 0x0000000100000000)
  eden space 408064K, 0% used [0x00000000e0000000,0x00000000e0000000,0x00000000f8e80000)
  from space 43520K, 0% used [0x00000000fbb00000,0x00000000fbb00000,0x00000000fe580000)
  to   space 44544K, 0% used [0x00000000f8e80000,0x00000000f8e80000,0x00000000fba00000)
 ParOldGen       total 277504K, used 233329K [0x00000000a0000000, 0x00000000b0f00000, 0x00000000e0000000)
  object space 277504K, 84% used [0x00000000a0000000,0x00000000ae3dc7f0,0x00000000b0f00000)
 Metaspace       used 97277K, capacity 101986K, committed 102272K, reserved 1138688K
  class space    used 12473K, capacity 13608K, committed 13696K, reserved 1048576K
}
Event: 454.344 GC heap before
{Heap before GC invocations=50 (full 6):
 PSYoungGen      total 451584K, used 408064K [0x00000000e0000000, 0x00000000fe580000, 0x0000000100000000)
  eden space 408064K, 100% used [0x00000000e0000000,0x00000000f8e80000,0x00000000f8e80000)
  from space 43520K, 0% used [0x00000000fbb00000,0x00000000fbb00000,0x00000000fe580000)
  to   space 44544K, 0% used [0x00000000f8e80000,0x00000000f8e80000,0x00000000fba00000)
 ParOldGen       total 277504K, used 233329K [0x00000000a0000000, 0x00000000b0f00000, 0x00000000e0000000)
  object space 277504K, 84% used [0x00000000a0000000,0x00000000ae3dc7f0,0x00000000b0f00000)
 Metaspace       used 97355K, capacity 102072K, committed 102272K, reserved 1138688K
  class space    used 12477K, capacity 13613K, committed 13696K, reserved 1048576K
Event: 454.794 GC heap after
Heap after GC invocations=50 (full 6):
 PSYoungGen      total 451584K, used 0K [0x00000000e0000000, 0x00000000fe580000, 0x0000000100000000)
  eden space 408064K, 0% used [0x00000000e0000000,0x00000000e0000000,0x00000000f8e80000)
  from space 43520K, 0% used [0x00000000fbb00000,0x00000000fbb00000,0x00000000fe580000)
  to   space 44544K, 0% used [0x00000000f8e80000,0x00000000f8e80000,0x00000000fba00000)
 ParOldGen       total 277504K, used 160622K [0x00000000a0000000, 0x00000000b0f00000, 0x00000000e0000000)
  object space 277504K, 57% used [0x00000000a0000000,0x00000000a9cdbbb8,0x00000000b0f00000)
 Metaspace       used 97355K, capacity 102072K, committed 102272K, reserved 1138688K
  class space    used 12477K, capacity 13613K, committed 13696K, reserved 1048576K
}
Event: 458.795 GC heap before
{Heap before GC invocations=51 (full 6):
 PSYoungGen      total 451584K, used 408064K [0x00000000e0000000, 0x00000000fe580000, 0x0000000100000000)
  eden space 408064K, 100% used [0x00000000e0000000,0x00000000f8e80000,0x00000000f8e80000)
  from space 43520K, 0% used [0x00000000fbb00000,0x00000000fbb00000,0x00000000fe580000)
  to   space 44544K, 0% used [0x00000000f8e80000,0x00000000f8e80000,0x00000000fba00000)
 ParOldGen       total 277504K, used 160622K [0x00000000a0000000, 0x00000000b0f00000, 0x00000000e0000000)
  object space 277504K, 57% used [0x00000000a0000000,0x00000000a9cdbbb8,0x00000000b0f00000)
 Metaspace       used 97410K, capacity 102076K, committed 102272K, reserved 1138688K
  class space    used 12477K, capacity 13613K, committed 13696K, reserved 1048576K
Event: 458.979 GC heap after
Heap after GC invocations=51 (full 6):
 PSYoungGen      total 452608K, used 44522K [0x00000000e0000000, 0x0000000100000000, 0x0000000100000000)
  eden space 408064K, 0% used [0x00000000e0000000,0x00000000e0000000,0x00000000f8e80000)
  from space 44544K, 99% used [0x00000000f8e80000,0x00000000fb9fab18,0x00000000fba00000)
  to   space 71680K, 0% used [0x00000000fba00000,0x00000000fba00000,0x0000000100000000)
 ParOldGen       total 277504K, used 252704K [0x00000000a0000000, 0x00000000b0f00000, 0x00000000e0000000)
  object space 277504K, 91% used [0x00000000a0000000,0x00000000af6c8180,0x00000000b0f00000)
 Metaspace       used 97410K, capacity 102076K, committed 102272K, reserved 1138688K
  class space    used 12477K, capacity 13613K, committed 13696K, reserved 1048576K
}
Event: 458.979 GC heap before
{Heap before GC invocations=52 (full 7):
 PSYoungGen      total 452608K, used 44522K [0x00000000e0000000, 0x0000000100000000, 0x0000000100000000)
  eden space 408064K, 0% used [0x00000000e0000000,0x00000000e0000000,0x00000000f8e80000)
  from space 44544K, 99% used [0x00000000f8e80000,0x00000000fb9fab18,0x00000000fba00000)
  to   space 71680K, 0% used [0x00000000fba00000,0x00000000fba00000,0x0000000100000000)
 ParOldGen       total 277504K, used 252704K [0x00000000a0000000, 0x00000000b0f00000, 0x00000000e0000000)
  object space 277504K, 91% used [0x00000000a0000000,0x00000000af6c8180,0x00000000b0f00000)
 Metaspace       used 97410K, capacity 102076K, committed 102272K, reserved 1138688K
  class space    used 12477K, capacity 13613K, committed 13696K, reserved 1048576K
Event: 460.463 GC heap after
Heap after GC invocations=52 (full 7):
 PSYoungGen      total 452608K, used 0K [0x00000000e0000000, 0x0000000100000000, 0x0000000100000000)
  eden space 408064K, 0% used [0x00000000e0000000,0x00000000e0000000,0x00000000f8e80000)
  from space 44544K, 0% used [0x00000000f8e80000,0x00000000f8e80000,0x00000000fba00000)
  to   space 71680K, 0% used [0x00000000fba00000,0x00000000fba00000,0x0000000100000000)
 ParOldGen       total 277504K, used 256241K [0x00000000a0000000, 0x00000000b0f00000, 0x00000000e0000000)
  object space 277504K, 92% used [0x00000000a0000000,0x00000000afa3c5a0,0x00000000b0f00000)
 Metaspace       used 97410K, capacity 102076K, committed 102272K, reserved 1138688K
  class space    used 12477K, capacity 13613K, committed 13696K, reserved 1048576K
}

Deoptimization events (10 events):
Event: 457.290 Thread 0x00000000268c4800 Uncommon trap: reason=array_check action=maybe_recompile pc=0x000000000538a9a4 method=java.util.TimSort.mergeLo(IIII)V @ 133
Event: 458.505 Thread 0x00000000268c3800 Uncommon trap: reason=unstable_if action=reinterpret pc=0x00000000063f64f4 method=com.android.tools.r8.utils.OrderedMergingIterator.next()Lcom/android/tools/r8/graph/KeyedDexItem; @ 43
Event: 458.727 Thread 0x00000000268c3800 Uncommon trap: reason=array_check action=maybe_recompile pc=0x000000000538a9a4 method=java.util.TimSort.mergeLo(IIII)V @ 133
Event: 458.727 Thread 0x00000000268c3800 Uncommon trap: reason=array_check action=maybe_recompile pc=0x0000000005c781f8 method=java.util.TimSort.mergeHi(IIII)V @ 657
Event: 458.727 Thread 0x00000000268c3800 Uncommon trap: reason=array_check action=maybe_recompile pc=0x0000000005c781f8 method=java.util.TimSort.mergeHi(IIII)V @ 657
Event: 458.734 Thread 0x00000000268c3800 Uncommon trap: reason=array_check action=maybe_recompile pc=0x0000000005632984 method=java.util.TimSort.mergeHi(IIII)V @ 282
Event: 458.738 Thread 0x00000000268c3800 Uncommon trap: reason=array_check action=maybe_recompile pc=0x0000000005ae95d0 method=java.util.TimSort.mergeLo(IIII)V @ 468
Event: 460.463 Thread 0x00000000268c3800 Uncommon trap: reason=array_check action=maybe_recompile pc=0x000000000432fcd4 method=java.util.TimSort.mergeLo(IIII)V @ 590
Event: 460.464 Thread 0x00000000268c3800 Uncommon trap: reason=array_check action=maybe_recompile pc=0x000000000432fe1c method=java.util.TimSort.mergeLo(IIII)V @ 468
Event: 460.475 Thread 0x00000000268c3800 Uncommon trap: reason=array_check action=maybe_recompile pc=0x0000000005ae95d0 method=java.util.TimSort.mergeLo(IIII)V @ 468

Classes redefined (0 events):
No events

Internal exceptions (10 events):
Event: 457.015 Thread 0x00000000268ca800 Exception <a 'sun/nio/fs/WindowsException'> (0x00000000e9802250) thrown at [C:\src\AOSP-openjdk-git\hotspot\src\share\vm\prims\jni.cpp, line 710]
Event: 457.019 Thread 0x00000000268ca800 Exception <a 'sun/nio/fs/WindowsException'> (0x00000000e985a948) thrown at [C:\src\AOSP-openjdk-git\hotspot\src\share\vm\prims\jni.cpp, line 710]
Event: 457.054 Thread 0x00000000268ca000 Exception <a 'sun/nio/fs/WindowsException'> (0x00000000e9c32100) thrown at [C:\src\AOSP-openjdk-git\hotspot\src\share\vm\prims\jni.cpp, line 710]
Event: 457.059 Thread 0x00000000268ca000 Exception <a 'sun/nio/fs/WindowsException'> (0x00000000e9cd6f90) thrown at [C:\src\AOSP-openjdk-git\hotspot\src\share\vm\prims\jni.cpp, line 710]
Event: 457.063 Thread 0x00000000268c7800 Exception <a 'sun/nio/fs/WindowsException'> (0x00000000e944afe8) thrown at [C:\src\AOSP-openjdk-git\hotspot\src\share\vm\prims\jni.cpp, line 710]
Event: 457.065 Thread 0x00000000268ca800 Exception <a 'sun/nio/fs/WindowsException'> (0x00000000e98c4728) thrown at [C:\src\AOSP-openjdk-git\hotspot\src\share\vm\prims\jni.cpp, line 710]
Event: 457.067 Thread 0x00000000268ce800 Exception <a 'sun/nio/fs/WindowsException'> (0x00000000e96cf220) thrown at [C:\src\AOSP-openjdk-git\hotspot\src\share\vm\prims\jni.cpp, line 710]
Event: 457.102 Thread 0x00000000268ca000 Exception <a 'sun/nio/fs/WindowsException'> (0x00000000e9df24c8) thrown at [C:\src\AOSP-openjdk-git\hotspot\src\share\vm\prims\jni.cpp, line 710]
Event: 457.105 Thread 0x00000000268ca000 Exception <a 'sun/nio/fs/WindowsException'> (0x00000000e9e53040) thrown at [C:\src\AOSP-openjdk-git\hotspot\src\share\vm\prims\jni.cpp, line 710]
Event: 457.321 Thread 0x00000000268c4800 Exception <a 'sun/nio/fs/WindowsException'> (0x00000000eadb3ec0) thrown at [C:\src\AOSP-openjdk-git\hotspot\src\share\vm\prims\jni.cpp, line 710]

Events (10 events):
Event: 460.464 Thread 0x00000000268c3800 DEOPT PACKING pc=0x000000000432fcd4 sp=0x000000002fb4e7f0
Event: 460.464 Thread 0x00000000268c3800 DEOPT UNPACKING pc=0x000000000250557b sp=0x000000002fb4e7e8 mode 2
Event: 460.464 Thread 0x00000000268c3800 Uncommon trap: trap_request=0xffffffd6 fr.pc=0x000000000432fe1c
Event: 460.466 Thread 0x00000000268c3800 DEOPT PACKING pc=0x000000000432fe1c sp=0x000000002fb4e7f0
Event: 460.466 Thread 0x00000000268c3800 DEOPT UNPACKING pc=0x000000000250557b sp=0x000000002fb4e7e8 mode 2
Event: 460.475 Thread 0x00000000268c3800 Uncommon trap: trap_request=0xffffffd6 fr.pc=0x0000000005ae95d0
Event: 460.475 Thread 0x00000000268c3800 DEOPT PACKING pc=0x0000000005ae95d0 sp=0x000000002fb4e800
Event: 460.475 Thread 0x00000000268c3800 DEOPT UNPACKING pc=0x000000000250557b sp=0x000000002fb4e7e8 mode 2
Event: 460.595 Thread 0x00000000268c4800 DEOPT PACKING pc=0x00000000048bb2c6 sp=0x000000002f82f010
Event: 460.595 Thread 0x00000000268c4800 DEOPT UNPACKING pc=0x00000000025075d0 sp=0x000000002f82ed48 mode 0


Dynamic libraries:
0x00007ff7e25c0000 - 0x00007ff7e25f1000 	C:\Program Files\Android\Android Studio\jre\bin\java.exe
0x00007ff803b50000 - 0x00007ff803d45000 	C:\WINDOWS\SYSTEM32\ntdll.dll
0x00007ff802550000 - 0x00007ff80260d000 	C:\WINDOWS\System32\KERNEL32.DLL
0x00007ff801920000 - 0x00007ff801be9000 	C:\WINDOWS\System32\KERNELBASE.dll
0x00007ff802b80000 - 0x00007ff802c2c000 	C:\WINDOWS\System32\ADVAPI32.dll
0x00007ff802c30000 - 0x00007ff802cce000 	C:\WINDOWS\System32\msvcrt.dll
0x00007ff801e90000 - 0x00007ff801f2c000 	C:\WINDOWS\System32\sechost.dll
0x00007ff803940000 - 0x00007ff803a6b000 	C:\WINDOWS\System32\RPCRT4.dll
0x00007ff8023b0000 - 0x00007ff802550000 	C:\WINDOWS\System32\USER32.dll
0x00007ff801540000 - 0x00007ff801562000 	C:\WINDOWS\System32\win32u.dll
0x00007ff802ce0000 - 0x00007ff802d0a000 	C:\WINDOWS\System32\GDI32.dll
0x00007ff801570000 - 0x00007ff80167b000 	C:\WINDOWS\System32\gdi32full.dll
0x00007ff801800000 - 0x00007ff80189d000 	C:\WINDOWS\System32\msvcp_win.dll
0x00007ff8016d0000 - 0x00007ff8017d0000 	C:\WINDOWS\System32\ucrtbase.dll
0x00007fffeeac0000 - 0x00007fffeed5a000 	C:\WINDOWS\WinSxS\amd64_microsoft.windows.common-controls_6595b64144ccf1df_6.0.19041.844_none_ca00b6081b84eb1d\COMCTL32.dll
0x00007ff802810000 - 0x00007ff802840000 	C:\WINDOWS\System32\IMM32.DLL
0x0000000051930000 - 0x0000000051a02000 	C:\Program Files\Android\Android Studio\jre\jre\bin\msvcr100.dll
0x00000000510e0000 - 0x000000005192b000 	C:\Program Files\Android\Android Studio\jre\jre\bin\server\jvm.dll
0x00007ff802610000 - 0x00007ff802618000 	C:\WINDOWS\System32\PSAPI.DLL
0x00007ffffaca0000 - 0x00007ffffaca9000 	C:\WINDOWS\SYSTEM32\WSOCK32.dll
0x00007ff801f30000 - 0x00007ff801f9b000 	C:\WINDOWS\System32\WS2_32.dll
0x00007ffff0b30000 - 0x00007ffff0b57000 	C:\WINDOWS\SYSTEM32\WINMM.dll
0x00007ffff2360000 - 0x00007ffff236a000 	C:\WINDOWS\SYSTEM32\VERSION.dll
0x00007ffffaa80000 - 0x00007ffffaa8f000 	C:\Program Files\Android\Android Studio\jre\jre\bin\verify.dll
0x00007ffff6f30000 - 0x00007ffff6f59000 	C:\Program Files\Android\Android Studio\jre\jre\bin\java.dll
0x00007ffff7990000 - 0x00007ffff79a6000 	C:\Program Files\Android\Android Studio\jre\jre\bin\zip.dll
0x00007ff802d10000 - 0x00007ff803452000 	C:\WINDOWS\System32\SHELL32.dll
0x00007ffffef20000 - 0x00007fffff6b0000 	C:\WINDOWS\SYSTEM32\windows.storage.dll
0x00007ff801fa0000 - 0x00007ff8022f5000 	C:\WINDOWS\System32\combase.dll
0x00007ff800df0000 - 0x00007ff800e1c000 	C:\WINDOWS\SYSTEM32\Wldp.dll
0x00007ff802620000 - 0x00007ff8026ce000 	C:\WINDOWS\System32\SHCORE.dll
0x00007ff802970000 - 0x00007ff8029c5000 	C:\WINDOWS\System32\shlwapi.dll
0x00007ff8012c0000 - 0x00007ff8012df000 	C:\WINDOWS\SYSTEM32\profapi.dll
0x00007ffff6f10000 - 0x00007ffff6f2a000 	C:\Program Files\Android\Android Studio\jre\jre\bin\net.dll
0x00007ff800b00000 - 0x00007ff800b6a000 	C:\WINDOWS\system32\mswsock.dll
0x00007ffff6ed0000 - 0x00007ffff6ee3000 	C:\Program Files\Android\Android Studio\jre\jre\bin\nio.dll
0x00007ffff6eb0000 - 0x00007ffff6ece000 	C:\Users\abo-shahen\.gradle\native\25\windows-amd64\native-platform.dll
0x00007ffff8f30000 - 0x00007ffff8f3d000 	C:\Program Files\Android\Android Studio\jre\jre\bin\management.dll
0x00007ff800d40000 - 0x00007ff800d58000 	C:\WINDOWS\SYSTEM32\CRYPTSP.dll
0x00007ff800440000 - 0x00007ff800474000 	C:\WINDOWS\system32\rsaenh.dll
0x00007ff8017d0000 - 0x00007ff8017f7000 	C:\WINDOWS\System32\bcrypt.dll
0x00007ff801280000 - 0x00007ff8012ae000 	C:\WINDOWS\SYSTEM32\USERENV.dll
0x00007ff8018a0000 - 0x00007ff801920000 	C:\WINDOWS\System32\bcryptprimitives.dll
0x00007ff800d60000 - 0x00007ff800d6c000 	C:\WINDOWS\SYSTEM32\CRYPTBASE.dll
0x00007ff800790000 - 0x00007ff8007cb000 	C:\WINDOWS\SYSTEM32\IPHLPAPI.DLL
0x00007ff802cd0000 - 0x00007ff802cd8000 	C:\WINDOWS\System32\NSI.dll
0x00007ffff9e80000 - 0x00007ffff9e97000 	C:\WINDOWS\SYSTEM32\dhcpcsvc6.DLL
0x00007ffffa850000 - 0x00007ffffa86d000 	C:\WINDOWS\SYSTEM32\dhcpcsvc.DLL
0x00007ff8007d0000 - 0x00007ff80089b000 	C:\WINDOWS\SYSTEM32\DNSAPI.dll
0x00007ffff6e80000 - 0x00007ffff6ea4000 	C:\Program Files\Android\Android Studio\jre\jre\bin\sunec.dll
0x00007ffff4ef0000 - 0x00007ffff4efa000 	C:\Windows\System32\rasadhlp.dll
0x00007ffff5540000 - 0x00007ffff55bf000 	C:\WINDOWS\System32\fwpuclnt.dll
0x00007ffff6e40000 - 0x00007ffff6e4b000 	C:\Program Files\Android\Android Studio\jre\jre\bin\sunmscapi.dll
0x00007ff8013e0000 - 0x00007ff80153f000 	C:\WINDOWS\System32\CRYPT32.dll
0x00007ff800000000 - 0x00007ff800033000 	C:\WINDOWS\SYSTEM32\ntmarta.dll
0x00007fffeef30000 - 0x00007fffeef4e000 	C:\Users\abo-shahen\AppData\Local\Temp\native-platform7116333783093765988dir\native-platform.dll

VM Arguments:
jvm_args: -Xmx1536M -Dfile.encoding=windows-1256 -Duser.country=GB -Duser.language=en -Duser.variant 
java_command: org.gradle.launcher.daemon.bootstrap.GradleDaemon 4.10.2
java_class_path (initial): C:\Users\abo-shahen\.gradle\wrapper\dists\gradle-4.10.2-all\9fahxiiecdb76a5g3aw9oi8rv\gradle-4.10.2\lib\gradle-launcher-4.10.2.jar
Launcher Type: SUN_STANDARD

Environment Variables:
JAVA_HOME=C:\Program Files\Android\Android Studio\jre
CLASSPATH=C:\Users\abo-shahen\Downloads\Flutter_Books_FullApp-master\Flutter_Books_FullApp-master\android\\gradle\wrapper\gradle-wrapper.jar
PATH=C:\Program Files (x86)\NVIDIA Corporation\PhysX\Common;C:\Program Files (x86)\Common Files\Oracle\Java\javapath;C:\WINDOWS\system32;C:\WINDOWS;C:\WINDOWS\System32\Wbem;C:\WINDOWS\System32\WindowsPowerShell\v1.0\;E:\xampp\php;C:\ProgramData\ComposerSetup\bin;C:\Program Files\PuTTY\;C:\Program Files\Microsoft SQL Server\130\Tools\Binn\;C:\ProgramData\chocolatey\bin;C:\Program Files\Git\cmd;C:\Program Files\Git\mingw64\bin;C:\Program Files\Git\usr\bin;C:\Program Files\nodejs\;C:\WINDOWS\System32\OpenSSH\;C:\Users\abo-shahen\AppData\Local\Programs\Python\Python38-32\Scripts\;C:\Users\abo-shahen\AppData\Local\Programs\Python\Python38-32\;C:\Program Files\Microsoft VS Code\bin;C:\Users\abo-shahen\AppData\Roaming\Composer\vendor\bin;C:\tools\dart-sdk\bin;C:\Users\abo-shahen\AppData\Roaming\Pub\Cache\bin;C:\Program Files\Java\jdk-14.0.2\bin;C:\platform-tools;C:\Users\abo-shahen\AppData\Local\Programs\Microsoft VS Code\bin;C:\flutter\bin;C:\Users\abo-shahen\AppData\Roaming\npm;C:\Users\abo-shahen\AppData\Local\Microsoft\WindowsApps;;C:\flutter\bin\mingit\cmd
USERNAME=abo-shahen
OS=Windows_NT
PROCESSOR_IDENTIFIER=Intel64 Family 6 Model 58 Stepping 9, GenuineIntel



---------------  S Y S T E M  ---------------

OS: Windows 10.0 , 64 bit Build 19041 (10.0.19041.804)

CPU:total 4 (initial active 4) (2 cores per cpu, 2 threads per core) family 6 model 58 stepping 9, cmov, cx8, fxsr, mmx, sse, sse2, sse3, ssse3, sse4.1, sse4.2, popcnt, avx, aes, clmul, erms, ht, tsc, tscinvbit, tscinv

Memory: 4k page, physical 8248816k(685240k free), swap 21963520k(11520k free)

vm_info: OpenJDK 64-Bit Server VM (25.242-b01) for windows-amd64 JRE (1.8.0_242-release-1644-b01), built by "builder" with MS VC++ 10.0 (VS2010)

time: Wed Mar 31 19:02:17 2021
timezone: Egypt Standard Time
elapsed time: 460 seconds (0d 0h 7m 40s)

